<?xml version="1.0" encoding="UTF-8"?>
<testsuite xmlns:xsi="http://www.w3.org/2001/XMLSchema-instance" xsi:noNamespaceSchemaLocation="https://maven.apache.org/surefire/maven-surefire-plugin/xsd/surefire-test-report-3.0.xsd" version="3.0" name="com.plataformacitas.CitaRepositoryTest" time="17.367" tests="2" errors="0" skipped="0" failures="0">
  <properties>
[...]
</properties>
  <testcase name="debeDetectarHorarioOcupadoParaProfesional" classname="com.plataformacitas.CitaRepositoryTest" time="2.285">
    <system-out><![CDATA[00:53:45.205 [main] INFO org.springframework.test.context.support.AnnotationConfigContextLoaderUtils -- Could not detect default configuration classes for test class [com.plataformacitas.CitaRepositoryTest]: CitaRepositoryTest does not declare any static, non-private, non-final, nested classes annotated with @Configuration.
00:53:45.429 [main] INFO org.springframework.boot.test.context.SpringBootTestContextBootstrapper -- Found @SpringBootConfiguration com.plataformacitas.PlataformaCitasApplication for test class com.plataformacitas.CitaRepositoryTest

  .   ____          _            __ _ _
 /\\ / ___'_ __ _ _(_)_ __  __ _ \ \ \ \
( ( )\___ | '_ | '_| | '_ \/ _` | \ \ \ \
 \\/  ___)| |_)| | | | | || (_| |  ) ) ) )
  '  |____| .__|_| |_|_| |_\__, | / / / /
 =========|_|==============|___/=/_/_/_/

 :: Spring Boot ::                (v3.3.4)

2026-06-05T00:53:46.228-05:00  INFO 12436 --- [Plataforma Citas] [           main] com.plataformacitas.CitaRepositoryTest   : Starting CitaRepositoryTest using Java 26 with PID 12436 (started by isaiz in C:\Users\isaiz\Desktop\plataforma_citas)
2026-06-05T00:53:46.230-05:00  INFO 12436 --- [Plataforma Citas] [           main] com.plataformacitas.CitaRepositoryTest   : No active profile set, falling back to 1 default profile: "default"
2026-06-05T00:53:49.140-05:00  INFO 12436 --- [Plataforma Citas] [           main] .s.d.r.c.RepositoryConfigurationDelegate : Bootstrapping Spring Data JPA repositories in DEFAULT mode.
2026-06-05T00:53:49.958-05:00  INFO 12436 --- [Plataforma Citas] [           main] .s.d.r.c.RepositoryConfigurationDelegate : Finished Spring Data repository scanning in 767 ms. Found 6 JPA repository interfaces.
2026-06-05T00:53:52.841-05:00  INFO 12436 --- [Plataforma Citas] [           main] o.hibernate.jpa.internal.util.LogHelper  : HHH000204: Processing PersistenceUnitInfo [name: default]
2026-06-05T00:53:52.990-05:00  INFO 12436 --- [Plataforma Citas] [           main] org.hibernate.Version                    : HHH000412: Hibernate ORM core version 6.5.3.Final
2026-06-05T00:53:53.078-05:00  INFO 12436 --- [Plataforma Citas] [           main] o.h.c.internal.RegionFactoryInitiator    : HHH000026: Second-level cache disabled
2026-06-05T00:53:53.755-05:00  INFO 12436 --- [Plataforma Citas] [           main] o.s.o.j.p.SpringPersistenceUnitInfo      : No LoadTimeWeaver setup: ignoring JPA class transformer
2026-06-05T00:53:53.813-05:00  INFO 12436 --- [Plataforma Citas] [           main] com.zaxxer.hikari.HikariDataSource       : HikariPool-1 - Starting...
2026-06-05T00:53:53.987-05:00  INFO 12436 --- [Plataforma Citas] [           main] com.zaxxer.hikari.pool.HikariPool        : HikariPool-1 - Added connection org.sqlite.jdbc4.JDBC4Connection@5940b14e
2026-06-05T00:53:53.990-05:00  INFO 12436 --- [Plataforma Citas] [           main] com.zaxxer.hikari.HikariDataSource       : HikariPool-1 - Start completed.
2026-06-05T00:53:55.360-05:00  INFO 12436 --- [Plataforma Citas] [           main] o.h.e.t.j.p.i.JtaPlatformInitiator       : HHH000489: No JTA platform available (set 'hibernate.transaction.jta.platform' to enable JTA platform integration)
Hibernate: alter table citas drop constraint UK7jc9f2ipalyd1iapieqe1vujf
2026-06-05T00:53:55.425-05:00  INFO 12436 --- [Plataforma Citas] [           main] j.LocalContainerEntityManagerFactoryBean : Initialized JPA EntityManagerFactory for persistence unit 'default'
2026-06-05T00:53:56.263-05:00  INFO 12436 --- [Plataforma Citas] [           main] o.s.d.j.r.query.QueryEnhancerFactory     : Hibernate is in classpath; If applicable, HQL parser will be used.
2026-06-05T00:53:59.049-05:00  INFO 12436 --- [Plataforma Citas] [           main] com.plataformacitas.CitaRepositoryTest   : Started CitaRepositoryTest in 13.408 seconds (process running for 15.062)
Hibernate: select u1_0.id from usuarios u1_0 where u1_0.email=? limit ?
Hibernate: select u1_0.id from usuarios u1_0 where u1_0.email=? limit ?
Hibernate: select count(*) from servicios s1_0
Hibernate: insert into usuarios (activo,email,nombre,password_hash,rol) values (?,?,?,?,?)
Hibernate: select last_insert_rowid()
Hibernate: insert into usuarios (activo,email,nombre,password_hash,rol) values (?,?,?,?,?)
Hibernate: select last_insert_rowid()
Hibernate: insert into clientes (telefono,usuario_id) values (?,?)
Hibernate: select last_insert_rowid()
Hibernate: insert into profesionales (descripcion,especialidad,usuario_id) values (?,?,?)
Hibernate: select last_insert_rowid()
Hibernate: insert into servicios (activo,descripcion,duracion_minutos,nombre,precio) values (?,?,?,?,?)
Hibernate: select last_insert_rowid()
Hibernate: insert into citas (cliente_id,estado,fecha,hora,observaciones,profesional_id,servicio_id) values (?,?,?,?,?,?,?)
Hibernate: select last_insert_rowid()
Hibernate: select c1_0.id from citas c1_0 where c1_0.profesional_id=? and c1_0.fecha=? and c1_0.hora=? limit ?
]]></system-out>
    <system-err><![CDATA[WARNING: A Java agent has been loaded dynamically (C:\Users\isaiz\.m2\repository\net\bytebuddy\byte-buddy-agent\1.14.19\byte-buddy-agent-1.14.19.jar)
WARNING: If a serviceability tool is in use, please run with -XX:+EnableDynamicAgentLoading to hide this warning
WARNING: If a serviceability tool is not in use, please run with -Djdk.instrument.traceUsage for more information
WARNING: Dynamic loading of agents will be disallowed by default in a future release
]]></system-err>
  </testcase>
  <testcase name="debeGuardarYConsultarCitaPorCliente" classname="com.plataformacitas.CitaRepositoryTest" time="0.043">
    <system-out><![CDATA[Hibernate: insert into usuarios (activo,email,nombre,password_hash,rol) values (?,?,?,?,?)
Hibernate: select last_insert_rowid()
Hibernate: insert into usuarios (activo,email,nombre,password_hash,rol) values (?,?,?,?,?)
Hibernate: select last_insert_rowid()
Hibernate: insert into clientes (telefono,usuario_id) values (?,?)
Hibernate: select last_insert_rowid()
Hibernate: insert into profesionales (descripcion,especialidad,usuario_id) values (?,?,?)
Hibernate: select last_insert_rowid()
Hibernate: insert into servicios (activo,descripcion,duracion_minutos,nombre,precio) values (?,?,?,?,?)
Hibernate: select last_insert_rowid()
Hibernate: insert into citas (cliente_id,estado,fecha,hora,observaciones,profesional_id,servicio_id) values (?,?,?,?,?,?,?)
Hibernate: select last_insert_rowid()
Hibernate: select c1_0.id,c1_0.cliente_id,c1_0.estado,c1_0.fecha,c1_0.hora,c1_0.observaciones,c1_0.profesional_id,c1_0.servicio_id from citas c1_0 where c1_0.cliente_id=?
]]></system-out>
  </testcase>
</testsuite>